2013-08-24 18:33:56 Error: [MissingControllerException] Controller class SchoolsController could not be found.
Exception Attributes: array (
  'class' => 'SchoolsController',
  'plugin' => NULL,
)
Request URL: /schoolmate/schools/add
Stack Trace:
#0 C:\xampp\htdocs\schoolmate\app\webroot\index.php(110): Dispatcher->dispatch(Object(CakeRequest), Object(CakeResponse))
#1 {main}
2013-08-26 10:14:23 Error: [MissingControllerException] Controller class AssesmentsController could not be found.
Exception Attributes: array (
  'class' => 'AssesmentsController',
  'plugin' => NULL,
)
Request URL: /schoolmate/assesments/add
Stack Trace:
#0 C:\xampp\htdocs\schoolmate\app\webroot\index.php(110): Dispatcher->dispatch(Object(CakeRequest), Object(CakeResponse))
#1 {main}
2013-08-28 04:53:16 Error: [MissingControllerException] Controller class JsController could not be found.
Exception Attributes: array (
  'class' => 'JsController',
  'plugin' => NULL,
)
Request URL: /schoolmate/js/blackboard.js
Stack Trace:
#0 C:\xampp\htdocs\schoolmate\app\webroot\index.php(110): Dispatcher->dispatch(Object(CakeRequest), Object(CakeResponse))
#1 {main}
2013-08-28 04:54:34 Error: [MissingControllerException] Controller class JsController could not be found.
Exception Attributes: array (
  'class' => 'JsController',
  'plugin' => NULL,
)
Request URL: /schoolmate/js/blackboard.js
Stack Trace:
#0 C:\xampp\htdocs\schoolmate\app\webroot\index.php(110): Dispatcher->dispatch(Object(CakeRequest), Object(CakeResponse))
#1 {main}
2013-08-28 04:57:01 Error: [MissingControllerException] Controller class JsController could not be found.
Exception Attributes: array (
  'class' => 'JsController',
  'plugin' => NULL,
)
Request URL: /schoolmate/js/blackboard.js
Stack Trace:
#0 C:\xampp\htdocs\schoolmate\app\webroot\index.php(110): Dispatcher->dispatch(Object(CakeRequest), Object(CakeResponse))
#1 {main}
2013-08-28 04:59:49 Error: [MissingControllerException] Controller class JsController could not be found.
Exception Attributes: array (
  'class' => 'JsController',
  'plugin' => NULL,
)
Request URL: /schoolmate/js/blackboard.js
Stack Trace:
#0 C:\xampp\htdocs\schoolmate\app\webroot\index.php(110): Dispatcher->dispatch(Object(CakeRequest), Object(CakeResponse))
#1 {main}
2013-08-28 05:04:50 Error: [MissingControllerException] Controller class JsController could not be found.
Exception Attributes: array (
  'class' => 'JsController',
  'plugin' => NULL,
)
Request URL: /schoolmate/js/blackboard.js
Stack Trace:
#0 C:\xampp\htdocs\schoolmate\app\webroot\index.php(110): Dispatcher->dispatch(Object(CakeRequest), Object(CakeResponse))
#1 {main}
2013-08-28 05:05:22 Error: Fatal Error (4): syntax error, unexpected '?>' in [C:\xampp\htdocs\schoolmate\app\View\Arms\add.ctp, line 38]
2013-08-28 05:05:22 Error: [FatalErrorException] syntax error, unexpected '?>'
Request URL: /schoolmate/arms/add
Stack Trace:
#0 C:\xampp\htdocs\schoolmate\lib\Cake\Error\ErrorHandler.php(184): ErrorHandler::handleFatalError(4, 'syntax error, u...', 'C:\xampp\htdocs...', 38)
#1 [internal function]: ErrorHandler::handleError(4, 'syntax error, u...', 'C:\xampp\htdocs...', 38, Array)
#2 C:\xampp\htdocs\schoolmate\lib\Cake\Core\App.php(931): call_user_func('ErrorHandler::h...', 4, 'syntax error, u...', 'C:\xampp\htdocs...', 38, Array)
#3 C:\xampp\htdocs\schoolmate\lib\Cake\Core\App.php(904): App::_checkFatalError()
#4 [internal function]: App::shutdown()
#5 {main}
2013-08-28 05:05:22 Error: [MissingControllerException] Controller class JsController could not be found.
Exception Attributes: array (
  'class' => 'JsController',
  'plugin' => NULL,
)
Request URL: /schoolmate/js/blackboard.js
Stack Trace:
#0 C:\xampp\htdocs\schoolmate\app\webroot\index.php(110): Dispatcher->dispatch(Object(CakeRequest), Object(CakeResponse))
#1 {main}
2013-08-28 05:05:45 Error: [MissingControllerException] Controller class JsController could not be found.
Exception Attributes: array (
  'class' => 'JsController',
  'plugin' => NULL,
)
Request URL: /schoolmate/js/blackboard.js
Stack Trace:
#0 C:\xampp\htdocs\schoolmate\app\webroot\index.php(110): Dispatcher->dispatch(Object(CakeRequest), Object(CakeResponse))
#1 {main}
2013-08-28 05:11:26 Error: [MissingControllerException] Controller class JsController could not be found.
Exception Attributes: array (
  'class' => 'JsController',
  'plugin' => NULL,
)
Request URL: /schoolmate/js/blackboard.js
Stack Trace:
#0 C:\xampp\htdocs\schoolmate\app\webroot\index.php(110): Dispatcher->dispatch(Object(CakeRequest), Object(CakeResponse))
#1 {main}
2013-08-28 05:15:23 Error: [MissingControllerException] Controller class JsController could not be found.
Exception Attributes: array (
  'class' => 'JsController',
  'plugin' => NULL,
)
Request URL: /schoolmate/js/blackboard.js
Stack Trace:
#0 C:\xampp\htdocs\schoolmate\app\webroot\index.php(110): Dispatcher->dispatch(Object(CakeRequest), Object(CakeResponse))
#1 {main}
2013-08-28 05:16:38 Error: [MissingControllerException] Controller class JsController could not be found.
Exception Attributes: array (
  'class' => 'JsController',
  'plugin' => NULL,
)
Request URL: /schoolmate/js/blackboard.js
Stack Trace:
#0 C:\xampp\htdocs\schoolmate\app\webroot\index.php(110): Dispatcher->dispatch(Object(CakeRequest), Object(CakeResponse))
#1 {main}
2013-08-28 05:17:29 Error: [MissingControllerException] Controller class JsController could not be found.
Exception Attributes: array (
  'class' => 'JsController',
  'plugin' => NULL,
)
Request URL: /schoolmate/js/blackboard.js
Stack Trace:
#0 C:\xampp\htdocs\schoolmate\app\webroot\index.php(110): Dispatcher->dispatch(Object(CakeRequest), Object(CakeResponse))
#1 {main}
2013-08-28 05:17:59 Error: [MissingControllerException] Controller class JsController could not be found.
Exception Attributes: array (
  'class' => 'JsController',
  'plugin' => NULL,
)
Request URL: /schoolmate/js/blackboard.js
Stack Trace:
#0 C:\xampp\htdocs\schoolmate\app\webroot\index.php(110): Dispatcher->dispatch(Object(CakeRequest), Object(CakeResponse))
#1 {main}
2013-08-28 05:18:09 Error: [MissingControllerException] Controller class JsController could not be found.
Exception Attributes: array (
  'class' => 'JsController',
  'plugin' => NULL,
)
Request URL: /schoolmate/js/blackboard.js
Stack Trace:
#0 C:\xampp\htdocs\schoolmate\app\webroot\index.php(110): Dispatcher->dispatch(Object(CakeRequest), Object(CakeResponse))
#1 {main}
2013-08-28 05:19:10 Error: [MissingControllerException] Controller class JsController could not be found.
Exception Attributes: array (
  'class' => 'JsController',
  'plugin' => NULL,
)
Request URL: /schoolmate/js/blackboard.js
Stack Trace:
#0 C:\xampp\htdocs\schoolmate\app\webroot\index.php(110): Dispatcher->dispatch(Object(CakeRequest), Object(CakeResponse))
#1 {main}
2013-08-28 05:19:41 Error: [MissingControllerException] Controller class JsController could not be found.
Exception Attributes: array (
  'class' => 'JsController',
  'plugin' => NULL,
)
Request URL: /schoolmate/js/blackboard.js
Stack Trace:
#0 C:\xampp\htdocs\schoolmate\app\webroot\index.php(110): Dispatcher->dispatch(Object(CakeRequest), Object(CakeResponse))
#1 {main}
2013-08-28 05:20:39 Error: [MissingControllerException] Controller class JsController could not be found.
Exception Attributes: array (
  'class' => 'JsController',
  'plugin' => NULL,
)
Request URL: /schoolmate/js/blackboard.js
Stack Trace:
#0 C:\xampp\htdocs\schoolmate\app\webroot\index.php(110): Dispatcher->dispatch(Object(CakeRequest), Object(CakeResponse))
#1 {main}
2013-08-28 05:21:03 Error: [MissingControllerException] Controller class JsController could not be found.
Exception Attributes: array (
  'class' => 'JsController',
  'plugin' => NULL,
)
Request URL: /schoolmate/js/blackboard.js
Stack Trace:
#0 C:\xampp\htdocs\schoolmate\app\webroot\index.php(110): Dispatcher->dispatch(Object(CakeRequest), Object(CakeResponse))
#1 {main}
2013-08-30 11:14:55 Error: [UnexpectedValueException] Referenced fixture class ArmsSubject (Test\Fixture\ArmsSubjectFixture.php) not found
Stack Trace:
#0 C:\xampp\htdocs\schoolmate\lib\Cake\TestSuite\Fixture\CakeFixtureManager.php(79): CakeFixtureManager->_loadFixtures(Array)
#1 C:\xampp\htdocs\schoolmate\lib\Cake\TestSuite\CakeTestRunner.php(58): CakeFixtureManager->fixturize(Object(ArmsControllerTest))
#2 C:\xampp\htdocs\schoolmate\lib\Cake\TestSuite\CakeTestSuiteCommand.php(97): CakeTestRunner->doRun(Object(PHPUnit_Framework_TestSuite), Array)
#3 C:\xampp\htdocs\schoolmate\lib\Cake\TestSuite\CakeTestSuiteDispatcher.php(247): CakeTestSuiteCommand->run(Array)
#4 C:\xampp\htdocs\schoolmate\lib\Cake\TestSuite\CakeTestSuiteDispatcher.php(100): CakeTestSuiteDispatcher->_runTestCase()
#5 C:\xampp\htdocs\schoolmate\lib\Cake\TestSuite\CakeTestSuiteDispatcher.php(117): CakeTestSuiteDispatcher->dispatch()
#6 C:\xampp\htdocs\schoolmate\app\webroot\test.php(100): CakeTestSuiteDispatcher::run()
#7 {main}
2013-08-30 11:14:56 Error: [MissingControllerException] Controller class JsController could not be found.
Exception Attributes: array (
  'class' => 'JsController',
  'plugin' => NULL,
)
Request URL: /schoolmate/js/blackboard.js
Stack Trace:
#0 C:\xampp\htdocs\schoolmate\app\webroot\index.php(110): Dispatcher->dispatch(Object(CakeRequest), Object(CakeResponse))
#1 {main}
2013-08-30 11:24:12 Error: [MissingActionException] Action AppController::Test() could not be found.
Exception Attributes: array (
  'controller' => 'AppController',
  'action' => 'Test',
)
Request URL: /schoolmate/app/Test/
Stack Trace:
#0 C:\xampp\htdocs\schoolmate\lib\Cake\Routing\Dispatcher.php(187): Controller->invokeAction(Object(CakeRequest))
#1 C:\xampp\htdocs\schoolmate\lib\Cake\Routing\Dispatcher.php(162): Dispatcher->_invoke(Object(AppController), Object(CakeRequest), Object(CakeResponse))
#2 C:\xampp\htdocs\schoolmate\app\webroot\index.php(110): Dispatcher->dispatch(Object(CakeRequest), Object(CakeResponse))
#3 {main}
2013-08-30 11:24:12 Error: [MissingControllerException] Controller class JsController could not be found.
Exception Attributes: array (
  'class' => 'JsController',
  'plugin' => NULL,
)
Request URL: /schoolmate/js/blackboard.js
Stack Trace:
#0 C:\xampp\htdocs\schoolmate\app\webroot\index.php(110): Dispatcher->dispatch(Object(CakeRequest), Object(CakeResponse))
#1 {main}
2013-08-30 11:33:22 Error: Fatal Error (4): syntax error, unexpected '$data' (T_VARIABLE), expecting function (T_FUNCTION) in [C:\xampp\htdocs\schoolmate\app\Test\Case\Model\ArmTest.php, line 24]
2013-08-30 11:33:22 Error: [FatalErrorException] syntax error, unexpected '$data' (T_VARIABLE), expecting function (T_FUNCTION)
Stack Trace:
#0 C:\xampp\htdocs\schoolmate\lib\Cake\Error\ErrorHandler.php(184): ErrorHandler::handleFatalError(4, 'syntax error, u...', 'C:\xampp\htdocs...', 24)
#1 [internal function]: ErrorHandler::handleError(4, 'syntax error, u...', 'C:\xampp\htdocs...', 24, Array)
#2 C:\xampp\htdocs\schoolmate\lib\Cake\Core\App.php(931): call_user_func('ErrorHandler::h...', 4, 'syntax error, u...', 'C:\xampp\htdocs...', 24, Array)
#3 C:\xampp\htdocs\schoolmate\lib\Cake\Core\App.php(904): App::_checkFatalError()
#4 [internal function]: App::shutdown()
#5 {main}
2013-08-30 11:33:23 Error: [MissingControllerException] Controller class JsController could not be found.
Exception Attributes: array (
  'class' => 'JsController',
  'plugin' => NULL,
)
Request URL: /schoolmate/js/blackboard.js
Stack Trace:
#0 C:\xampp\htdocs\schoolmate\app\webroot\index.php(110): Dispatcher->dispatch(Object(CakeRequest), Object(CakeResponse))
#1 {main}
